<?xml version="1.0" encoding="UTF-8"?>
<testng-results ignored="0" total="2" passed="2" failed="0" skipped="0">
  <reporter-output>
    <line>
      <![CDATA[Err Msg is Displayed]]>
    </line>
    <line>
      <![CDATA[Home Page is Displayed]]>
    </line>
  </reporter-output>
  <suite started-at="2023-07-24T19:42:31 IST" name="Suite" finished-at="2023-07-24T19:42:56 IST" duration-ms="25214">
    <groups>
    </groups>
    <test started-at="2023-07-24T19:42:31 IST" name="Test" finished-at="2023-07-24T19:42:56 IST" duration-ms="25214">
      <class name="script.InvalidLogin">
        <test-method is-config="true" signature="preCondition(java.lang.String,java.lang.String,java.lang.String,java.lang.String)[pri:0, instance:script.InvalidLogin@7b2bbc3]" started-at="2023-07-24T19:42:31 IST" name="preCondition" finished-at="2023-07-24T19:42:40 IST" duration-ms="8916" status="PASS">
          <params>
            <param index="0">
              <value>
                <![CDATA[https://demo.actitime.com]]>
              </value>
            </param>
            <param index="1">
              <value>
                <![CDATA[chrome]]>
              </value>
            </param>
            <param index="2">
              <value>
                <![CDATA[9]]>
              </value>
            </param>
            <param index="3">
              <value>
                <![CDATA[7]]>
              </value>
            </param>
          </params>
          <reporter-output>
          </reporter-output>
        </test-method> <!-- preCondition -->
        <test-method signature="testInvalidLogin()[pri:2, instance:script.InvalidLogin@7b2bbc3]" started-at="2023-07-24T19:42:40 IST" name="testInvalidLogin" finished-at="2023-07-24T19:42:42 IST" duration-ms="2845" status="PASS">
          <reporter-output>
            <line>
              <![CDATA[Err Msg is Displayed]]>
            </line>
          </reporter-output>
        </test-method> <!-- testInvalidLogin -->
        <test-method is-config="true" signature="postCondition()[pri:0, instance:script.InvalidLogin@7b2bbc3]" started-at="2023-07-24T19:42:42 IST" name="postCondition" finished-at="2023-07-24T19:42:43 IST" duration-ms="270" status="PASS">
          <reporter-output>
          </reporter-output>
        </test-method> <!-- postCondition -->
      </class> <!-- script.InvalidLogin -->
      <class name="script.ValidLogin">
        <test-method is-config="true" signature="preCondition(java.lang.String,java.lang.String,java.lang.String,java.lang.String)[pri:0, instance:script.ValidLogin@c730b35]" started-at="2023-07-24T19:42:43 IST" name="preCondition" finished-at="2023-07-24T19:42:51 IST" duration-ms="7850" status="PASS">
          <params>
            <param index="0">
              <value>
                <![CDATA[https://demo.actitime.com]]>
              </value>
            </param>
            <param index="1">
              <value>
                <![CDATA[chrome]]>
              </value>
            </param>
            <param index="2">
              <value>
                <![CDATA[9]]>
              </value>
            </param>
            <param index="3">
              <value>
                <![CDATA[7]]>
              </value>
            </param>
          </params>
          <reporter-output>
          </reporter-output>
        </test-method> <!-- preCondition -->
        <test-method signature="testValidLogin()[pri:1, instance:script.ValidLogin@c730b35]" started-at="2023-07-24T19:42:51 IST" name="testValidLogin" finished-at="2023-07-24T19:42:56 IST" duration-ms="5034" status="PASS">
          <reporter-output>
            <line>
              <![CDATA[Home Page is Displayed]]>
            </line>
          </reporter-output>
        </test-method> <!-- testValidLogin -->
        <test-method is-config="true" signature="postCondition()[pri:0, instance:script.ValidLogin@c730b35]" started-at="2023-07-24T19:42:56 IST" name="postCondition" finished-at="2023-07-24T19:42:56 IST" duration-ms="219" status="PASS">
          <reporter-output>
          </reporter-output>
        </test-method> <!-- postCondition -->
      </class> <!-- script.ValidLogin -->
    </test> <!-- Test -->
  </suite> <!-- Suite -->
</testng-results>
